<?xml version="1.0" encoding="UTF-8"?>
<!-- Generated by org.testng.reporters.JUnitReportReporter -->
<testsuite skipped="0" hostname="BANL158c02c6a.local" name="com.actitime.tests.SigninTest" tests="1" failures="0" timestamp="24 Aug 2017 05:12:04 GMT" time="5.855" errors="0">
  <testcase name="SignInTest" time="5.855" classname="com.actitime.tests.SigninTest"/>
</testsuite> <!-- com.actitime.tests.SigninTest -->
