<?xml version="1.0" encoding="UTF-8"?>
<!-- Generated by org.testng.reporters.JUnitReportReporter -->
<testsuite skipped="0" hostname="BANL158c02c6a.local" name="com.actitime.tests.CreateNewTask" tests="1" failures="0" timestamp="24 Aug 2017 08:57:06 GMT" time="0.010" errors="0">
  <testcase name="createTaskTest" time="0.010" classname="com.actitime.tests.CreateNewTask"/>
</testsuite> <!-- com.actitime.tests.CreateNewTask -->
